Classic Timing Analyzer report for Bc
Mon Jun 08 11:23:35 2020
Quartus II Version 9.0 Build 132 02/25/2009 SJ Full Version


---------------------
; Table of Contents ;
---------------------
  1. Legal Notice
  2. Timing Analyzer Summary
  3. Timing Analyzer Settings
  4. Clock Settings Summary
  5. Parallel Compilation
  6. Clock Setup: 'Clk'
  7. tco
  8. Timing Analyzer Messages



----------------
; Legal Notice ;
----------------
Copyright (C) 1991-2009 Altera Corporation
Your use of Altera Corporation's design tools, logic functions 
and other software and tools, and its AMPP partner logic 
functions, and any output files from any of the foregoing 
(including device programming or simulation files), and any 
associated documentation or information are expressly subject 
to the terms and conditions of the Altera Program License 
Subscription Agreement, Altera MegaCore Function License 
Agreement, or other applicable license agreement, including, 
without limitation, that your use is for the sole purpose of 
programming logic devices manufactured by Altera and sold by 
Altera or its authorized distributors.  Please refer to the 
applicable agreement for further details.



+--------------------------------------------------------------------------------------------------------------------------------------------------------------+
; Timing Analyzer Summary                                                                                                                                      ;
+------------------------------+-------+---------------+------------------------------------------------+-------+-------+------------+----------+--------------+
; Type                         ; Slack ; Required Time ; Actual Time                                    ; From  ; To    ; From Clock ; To Clock ; Failed Paths ;
+------------------------------+-------+---------------+------------------------------------------------+-------+-------+------------+----------+--------------+
; Worst-case tco               ; N/A   ; None          ; 10.777 ns                                      ; inst  ; Q3    ; Clk        ; --       ; 0            ;
; Clock Setup: 'Clk'           ; N/A   ; None          ; Restricted to 304.04 MHz ( period = 3.289 ns ) ; inst2 ; inst2 ; Clk        ; Clk      ; 0            ;
; Total number of failed paths ;       ;               ;                                                ;       ;       ;            ;          ; 0            ;
+------------------------------+-------+---------------+------------------------------------------------+-------+-------+------------+----------+--------------+


+--------------------------------------------------------------------------------------------------------------------+
; Timing Analyzer Settings                                                                                           ;
+---------------------------------------------------------------------+--------------------+------+----+-------------+
; Option                                                              ; Setting            ; From ; To ; Entity Name ;
+---------------------------------------------------------------------+--------------------+------+----+-------------+
; Device Name                                                         ; EPM2210F324C3      ;      ;    ;             ;
; Timing Models                                                       ; Final              ;      ;    ;             ;
; Default hold multicycle                                             ; Same as Multicycle ;      ;    ;             ;
; Cut paths between unrelated clock domains                           ; On                 ;      ;    ;             ;
; Cut off read during write signal paths                              ; On                 ;      ;    ;             ;
; Cut off feedback from I/O pins                                      ; On                 ;      ;    ;             ;
; Report Combined Fast/Slow Timing                                    ; Off                ;      ;    ;             ;
; Ignore Clock Settings                                               ; Off                ;      ;    ;             ;
; Analyze latches as synchronous elements                             ; On                 ;      ;    ;             ;
; Enable Recovery/Removal analysis                                    ; Off                ;      ;    ;             ;
; Enable Clock Latency                                                ; Off                ;      ;    ;             ;
; Use TimeQuest Timing Analyzer                                       ; Off                ;      ;    ;             ;
; Minimum Core Junction Temperature                                   ; 0                  ;      ;    ;             ;
; Maximum Core Junction Temperature                                   ; 85                 ;      ;    ;             ;
; Number of source nodes to report per destination node               ; 10                 ;      ;    ;             ;
; Number of destination nodes to report                               ; 10                 ;      ;    ;             ;
; Number of paths to report                                           ; 200                ;      ;    ;             ;
; Report Minimum Timing Checks                                        ; Off                ;      ;    ;             ;
; Use Fast Timing Models                                              ; Off                ;      ;    ;             ;
; Report IO Paths Separately                                          ; Off                ;      ;    ;             ;
; Perform Multicorner Analysis                                        ; Off                ;      ;    ;             ;
; Reports the worst-case path for each clock domain and analysis      ; Off                ;      ;    ;             ;
; Removes common clock path pessimism (CCPP) during slack computation ; Off                ;      ;    ;             ;
; Output I/O Timing Endpoint                                          ; Near End           ;      ;    ;             ;
+---------------------------------------------------------------------+--------------------+------+----+-------------+


+------------------------------------------------------------------------------------------------------------------------------------------------------------------------------------+
; Clock Settings Summary                                                                                                                                                             ;
+-----------------+--------------------+----------+------------------+---------------+--------------+----------+-----------------------+---------------------+--------+--------------+
; Clock Node Name ; Clock Setting Name ; Type     ; Fmax Requirement ; Early Latency ; Late Latency ; Based on ; Multiply Base Fmax by ; Divide Base Fmax by ; Offset ; Phase offset ;
+-----------------+--------------------+----------+------------------+---------------+--------------+----------+-----------------------+---------------------+--------+--------------+
; Clk             ;                    ; User Pin ; None             ; 0.000 ns      ; 0.000 ns     ; --       ; N/A                   ; N/A                 ; N/A    ;              ;
+-----------------+--------------------+----------+------------------+---------------+--------------+----------+-----------------------+---------------------+--------+--------------+


+------------------------------------------+
; Parallel Compilation                     ;
+----------------------------+-------------+
; Processors                 ; Number      ;
+----------------------------+-------------+
; Number detected on machine ; 6           ;
; Maximum allowed            ; 4           ;
;                            ;             ;
; Average used               ; 1.00        ;
; Maximum used               ; 1           ;
;                            ;             ;
; Usage by Processor         ; % Time Used ;
;     1 processor            ; 100.0%      ;
;     2-6 processors         ;   0.0%      ;
+----------------------------+-------------+


+------------------------------------------------------------------------------------------------------------------------------------------------------------------------------------+
; Clock Setup: 'Clk'                                                                                                                                                                 ;
+-------+------------------------------------------------+-------+-------+------------+----------+-----------------------------+---------------------------+-------------------------+
; Slack ; Actual fmax (period)                           ; From  ; To    ; From Clock ; To Clock ; Required Setup Relationship ; Required Longest P2P Time ; Actual Longest P2P Time ;
+-------+------------------------------------------------+-------+-------+------------+----------+-----------------------------+---------------------------+-------------------------+
; N/A   ; Restricted to 304.04 MHz ( period = 3.289 ns ) ; inst2 ; inst2 ; Clk        ; Clk      ; None                        ; None                      ; 1.088 ns                ;
; N/A   ; Restricted to 304.04 MHz ( period = 3.289 ns ) ; inst3 ; inst3 ; Clk        ; Clk      ; None                        ; None                      ; 0.938 ns                ;
; N/A   ; Restricted to 304.04 MHz ( period = 3.289 ns ) ; inst1 ; inst1 ; Clk        ; Clk      ; None                        ; None                      ; 0.938 ns                ;
; N/A   ; Restricted to 304.04 MHz ( period = 3.289 ns ) ; inst  ; inst  ; Clk        ; Clk      ; None                        ; None                      ; 0.927 ns                ;
+-------+------------------------------------------------+-------+-------+------------+----------+-----------------------------+---------------------------+-------------------------+


+-------------------------------------------------------------+
; tco                                                         ;
+-------+--------------+------------+-------+----+------------+
; Slack ; Required tco ; Actual tco ; From  ; To ; From Clock ;
+-------+--------------+------------+-------+----+------------+
; N/A   ; None         ; 10.777 ns  ; inst  ; Q3 ; Clk        ;
; N/A   ; None         ; 9.030 ns   ; inst1 ; Q2 ; Clk        ;
; N/A   ; None         ; 7.644 ns   ; inst3 ; Q0 ; Clk        ;
; N/A   ; None         ; 6.968 ns   ; inst2 ; Q1 ; Clk        ;
+-------+--------------+------------+-------+----+------------+


+--------------------------+
; Timing Analyzer Messages ;
+--------------------------+
Info: *******************************************************************
Info: Running Quartus II Classic Timing Analyzer
    Info: Version 9.0 Build 132 02/25/2009 SJ Full Version
    Info: Processing started: Mon Jun 08 11:23:34 2020
Info: Command: quartus_tan --read_settings_files=off --write_settings_files=off Bc -c Bc
Info: Parallel compilation is enabled and will use 4 of the 6 processors detected
Info: Started post-fitting delay annotation
Info: Delay annotation completed successfully
Warning: Found pins functioning as undefined clocks and/or memory enables
    Info: Assuming node "Clk" is an undefined clock
Warning: Found 3 node(s) in clock paths which may be acting as ripple and/or gated clocks -- node(s) analyzed as buffer(s) resulting in clock skew
    Info: Detected ripple clock "inst1" as buffer
    Info: Detected ripple clock "inst2" as buffer
    Info: Detected ripple clock "inst3" as buffer
Info: Clock "Clk" Internal fmax is restricted to 304.04 MHz between source register "inst2" and destination register "inst2"
    Info: fmax restricted to clock pin edge rate 3.289 ns. Expand message to see actual delay path.
        Info: + Longest register to register delay is 1.088 ns
            Info: 1: + IC(0.000 ns) + CELL(0.000 ns) = 0.000 ns; Loc. = LC_X18_Y13_N5; Fanout = 3; REG Node = 'inst2'
            Info: 2: + IC(0.586 ns) + CELL(0.502 ns) = 1.088 ns; Loc. = LC_X18_Y13_N5; Fanout = 3; REG Node = 'inst2'
            Info: Total cell delay = 0.502 ns ( 46.14 % )
            Info: Total interconnect delay = 0.586 ns ( 53.86 % )
        Info: - Smallest clock skew is 0.000 ns
            Info: + Shortest clock path from clock "Clk" to destination register is 4.121 ns
                Info: 1: + IC(0.000 ns) + CELL(0.708 ns) = 0.708 ns; Loc. = PIN_F14; Fanout = 1; CLK Node = 'Clk'
                Info: 2: + IC(1.489 ns) + CELL(0.809 ns) = 3.006 ns; Loc. = LC_X18_Y13_N3; Fanout = 3; REG Node = 'inst3'
                Info: 3: + IC(0.541 ns) + CELL(0.574 ns) = 4.121 ns; Loc. = LC_X18_Y13_N5; Fanout = 3; REG Node = 'inst2'
                Info: Total cell delay = 2.091 ns ( 50.74 % )
                Info: Total interconnect delay = 2.030 ns ( 49.26 % )
            Info: - Longest clock path from clock "Clk" to source register is 4.121 ns
                Info: 1: + IC(0.000 ns) + CELL(0.708 ns) = 0.708 ns; Loc. = PIN_F14; Fanout = 1; CLK Node = 'Clk'
                Info: 2: + IC(1.489 ns) + CELL(0.809 ns) = 3.006 ns; Loc. = LC_X18_Y13_N3; Fanout = 3; REG Node = 'inst3'
                Info: 3: + IC(0.541 ns) + CELL(0.574 ns) = 4.121 ns; Loc. = LC_X18_Y13_N5; Fanout = 3; REG Node = 'inst2'
                Info: Total cell delay = 2.091 ns ( 50.74 % )
                Info: Total interconnect delay = 2.030 ns ( 49.26 % )
        Info: + Micro clock to output delay of source is 0.235 ns
        Info: + Micro setup delay of destination is 0.208 ns
Info: tco from clock "Clk" to destination pin "Q3" through register "inst" is 10.777 ns
    Info: + Longest clock path from clock "Clk" to source register is 7.477 ns
        Info: 1: + IC(0.000 ns) + CELL(0.708 ns) = 0.708 ns; Loc. = PIN_F14; Fanout = 1; CLK Node = 'Clk'
        Info: 2: + IC(1.489 ns) + CELL(0.809 ns) = 3.006 ns; Loc. = LC_X18_Y13_N3; Fanout = 3; REG Node = 'inst3'
        Info: 3: + IC(0.541 ns) + CELL(0.809 ns) = 4.356 ns; Loc. = LC_X18_Y13_N5; Fanout = 3; REG Node = 'inst2'
        Info: 4: + IC(1.197 ns) + CELL(0.809 ns) = 6.362 ns; Loc. = LC_X19_Y12_N8; Fanout = 3; REG Node = 'inst1'
        Info: 5: + IC(0.541 ns) + CELL(0.574 ns) = 7.477 ns; Loc. = LC_X19_Y12_N2; Fanout = 2; REG Node = 'inst'
        Info: Total cell delay = 3.709 ns ( 49.61 % )
        Info: Total interconnect delay = 3.768 ns ( 50.39 % )
    Info: + Micro clock to output delay of source is 0.235 ns
    Info: + Longest register to pin delay is 3.065 ns
        Info: 1: + IC(0.000 ns) + CELL(0.000 ns) = 0.000 ns; Loc. = LC_X19_Y12_N2; Fanout = 2; REG Node = 'inst'
        Info: 2: + IC(1.611 ns) + CELL(1.454 ns) = 3.065 ns; Loc. = PIN_F18; Fanout = 0; PIN Node = 'Q3'
        Info: Total cell delay = 1.454 ns ( 47.44 % )
        Info: Total interconnect delay = 1.611 ns ( 52.56 % )
Info: Quartus II Classic Timing Analyzer was successful. 0 errors, 2 warnings
    Info: Peak virtual memory: 199 megabytes
    Info: Processing ended: Mon Jun 08 11:23:35 2020
    Info: Elapsed time: 00:00:01
    Info: Total CPU time (on all processors): 00:00:00


