Classic Timing Analyzer report for circuit
Mon Jun 22 22:19:36 2020
Quartus II Version 9.0 Build 132 02/25/2009 SJ Full Version


---------------------
; Table of Contents ;
---------------------
  1. Legal Notice
  2. Timing Analyzer Summary
  3. Timing Analyzer Settings
  4. Clock Settings Summary
  5. Parallel Compilation
  6. Clock Setup: 'CLOCK'
  7. tco
  8. Timing Analyzer Messages



----------------
; Legal Notice ;
----------------
Copyright (C) 1991-2009 Altera Corporation
Your use of Altera Corporation's design tools, logic functions 
and other software and tools, and its AMPP partner logic 
functions, and any output files from any of the foregoing 
(including device programming or simulation files), and any 
associated documentation or information are expressly subject 
to the terms and conditions of the Altera Program License 
Subscription Agreement, Altera MegaCore Function License 
Agreement, or other applicable license agreement, including, 
without limitation, that your use is for the sole purpose of 
programming logic devices manufactured by Altera and sold by 
Altera or its authorized distributors.  Please refer to the 
applicable agreement for further details.



+-------------------------------------------------------------------------------------------------------------------------------------------------------------+
; Timing Analyzer Summary                                                                                                                                     ;
+------------------------------+-------+---------------+------------------------------------------------+-------+------+------------+----------+--------------+
; Type                         ; Slack ; Required Time ; Actual Time                                    ; From  ; To   ; From Clock ; To Clock ; Failed Paths ;
+------------------------------+-------+---------------+------------------------------------------------+-------+------+------------+----------+--------------+
; Worst-case tco               ; N/A   ; None          ; 7.334 ns                                       ; inst8 ; S4   ; CLOCK      ; --       ; 0            ;
; Clock Setup: 'CLOCK'         ; N/A   ; None          ; Restricted to 304.04 MHz ( period = 3.289 ns ) ; inst8 ; inst ; CLOCK      ; CLOCK    ; 0            ;
; Total number of failed paths ;       ;               ;                                                ;       ;      ;            ;          ; 0            ;
+------------------------------+-------+---------------+------------------------------------------------+-------+------+------------+----------+--------------+


+--------------------------------------------------------------------------------------------------------------------+
; Timing Analyzer Settings                                                                                           ;
+---------------------------------------------------------------------+--------------------+------+----+-------------+
; Option                                                              ; Setting            ; From ; To ; Entity Name ;
+---------------------------------------------------------------------+--------------------+------+----+-------------+
; Device Name                                                         ; EPM2210F324C3      ;      ;    ;             ;
; Timing Models                                                       ; Final              ;      ;    ;             ;
; Default hold multicycle                                             ; Same as Multicycle ;      ;    ;             ;
; Cut paths between unrelated clock domains                           ; On                 ;      ;    ;             ;
; Cut off read during write signal paths                              ; On                 ;      ;    ;             ;
; Cut off feedback from I/O pins                                      ; On                 ;      ;    ;             ;
; Report Combined Fast/Slow Timing                                    ; Off                ;      ;    ;             ;
; Ignore Clock Settings                                               ; Off                ;      ;    ;             ;
; Analyze latches as synchronous elements                             ; On                 ;      ;    ;             ;
; Enable Recovery/Removal analysis                                    ; Off                ;      ;    ;             ;
; Enable Clock Latency                                                ; Off                ;      ;    ;             ;
; Use TimeQuest Timing Analyzer                                       ; Off                ;      ;    ;             ;
; Minimum Core Junction Temperature                                   ; 0                  ;      ;    ;             ;
; Maximum Core Junction Temperature                                   ; 85                 ;      ;    ;             ;
; Number of source nodes to report per destination node               ; 10                 ;      ;    ;             ;
; Number of destination nodes to report                               ; 10                 ;      ;    ;             ;
; Number of paths to report                                           ; 200                ;      ;    ;             ;
; Report Minimum Timing Checks                                        ; Off                ;      ;    ;             ;
; Use Fast Timing Models                                              ; Off                ;      ;    ;             ;
; Report IO Paths Separately                                          ; Off                ;      ;    ;             ;
; Perform Multicorner Analysis                                        ; Off                ;      ;    ;             ;
; Reports the worst-case path for each clock domain and analysis      ; Off                ;      ;    ;             ;
; Removes common clock path pessimism (CCPP) during slack computation ; Off                ;      ;    ;             ;
; Output I/O Timing Endpoint                                          ; Near End           ;      ;    ;             ;
+---------------------------------------------------------------------+--------------------+------+----+-------------+


+------------------------------------------------------------------------------------------------------------------------------------------------------------------------------------+
; Clock Settings Summary                                                                                                                                                             ;
+-----------------+--------------------+----------+------------------+---------------+--------------+----------+-----------------------+---------------------+--------+--------------+
; Clock Node Name ; Clock Setting Name ; Type     ; Fmax Requirement ; Early Latency ; Late Latency ; Based on ; Multiply Base Fmax by ; Divide Base Fmax by ; Offset ; Phase offset ;
+-----------------+--------------------+----------+------------------+---------------+--------------+----------+-----------------------+---------------------+--------+--------------+
; CLOCK           ;                    ; User Pin ; None             ; 0.000 ns      ; 0.000 ns     ; --       ; N/A                   ; N/A                 ; N/A    ;              ;
+-----------------+--------------------+----------+------------------+---------------+--------------+----------+-----------------------+---------------------+--------+--------------+


+------------------------------------------+
; Parallel Compilation                     ;
+----------------------------+-------------+
; Processors                 ; Number      ;
+----------------------------+-------------+
; Number detected on machine ; 4           ;
; Maximum allowed            ; 4           ;
;                            ;             ;
; Average used               ; 1.00        ;
; Maximum used               ; 1           ;
;                            ;             ;
; Usage by Processor         ; % Time Used ;
;     1 processor            ; 100.0%      ;
;     2-4 processors         ;   0.0%      ;
+----------------------------+-------------+


+--------------------------------------------------------------------------------------------------------------------------------------------------------------------------------------+
; Clock Setup: 'CLOCK'                                                                                                                                                                 ;
+-------+------------------------------------------------+--------+--------+------------+----------+-----------------------------+---------------------------+-------------------------+
; Slack ; Actual fmax (period)                           ; From   ; To     ; From Clock ; To Clock ; Required Setup Relationship ; Required Longest P2P Time ; Actual Longest P2P Time ;
+-------+------------------------------------------------+--------+--------+------------+----------+-----------------------------+---------------------------+-------------------------+
; N/A   ; Restricted to 304.04 MHz ( period = 3.289 ns ) ; inst6  ; inst8  ; CLOCK      ; CLOCK    ; None                        ; None                      ; 1.261 ns                ;
; N/A   ; Restricted to 304.04 MHz ( period = 3.289 ns ) ; inst8  ; inst6  ; CLOCK      ; CLOCK    ; None                        ; None                      ; 1.261 ns                ;
; N/A   ; Restricted to 304.04 MHz ( period = 3.289 ns ) ; inst8  ; inst   ; CLOCK      ; CLOCK    ; None                        ; None                      ; 1.261 ns                ;
; N/A   ; Restricted to 304.04 MHz ( period = 3.289 ns ) ; inst12 ; inst8  ; CLOCK      ; CLOCK    ; None                        ; None                      ; 1.107 ns                ;
; N/A   ; Restricted to 304.04 MHz ( period = 3.289 ns ) ; inst12 ; inst12 ; CLOCK      ; CLOCK    ; None                        ; None                      ; 1.101 ns                ;
; N/A   ; Restricted to 304.04 MHz ( period = 3.289 ns ) ; inst6  ; inst12 ; CLOCK      ; CLOCK    ; None                        ; None                      ; 0.973 ns                ;
; N/A   ; Restricted to 304.04 MHz ( period = 3.289 ns ) ; inst8  ; inst8  ; CLOCK      ; CLOCK    ; None                        ; None                      ; 0.966 ns                ;
; N/A   ; Restricted to 304.04 MHz ( period = 3.289 ns ) ; inst6  ; inst6  ; CLOCK      ; CLOCK    ; None                        ; None                      ; 0.966 ns                ;
; N/A   ; Restricted to 304.04 MHz ( period = 3.289 ns ) ; inst   ; inst   ; CLOCK      ; CLOCK    ; None                        ; None                      ; 0.927 ns                ;
+-------+------------------------------------------------+--------+--------+------------+----------+-----------------------------+---------------------------+-------------------------+


+--------------------------------------------------------------+
; tco                                                          ;
+-------+--------------+------------+--------+----+------------+
; Slack ; Required tco ; Actual tco ; From   ; To ; From Clock ;
+-------+--------------+------------+--------+----+------------+
; N/A   ; None         ; 7.334 ns   ; inst8  ; S4 ; CLOCK      ;
; N/A   ; None         ; 6.957 ns   ; inst   ; S1 ; CLOCK      ;
; N/A   ; None         ; 6.229 ns   ; inst12 ; S3 ; CLOCK      ;
; N/A   ; None         ; 6.188 ns   ; inst6  ; S2 ; CLOCK      ;
+-------+--------------+------------+--------+----+------------+


+--------------------------+
; Timing Analyzer Messages ;
+--------------------------+
Info: *******************************************************************
Info: Running Quartus II Classic Timing Analyzer
    Info: Version 9.0 Build 132 02/25/2009 SJ Full Version
    Info: Processing started: Mon Jun 22 22:19:36 2020
Info: Command: quartus_tan --read_settings_files=off --write_settings_files=off circuit -c circuit
Info: Parallel compilation is enabled and will use 4 of the 4 processors detected
Info: Started post-fitting delay annotation
Info: Delay annotation completed successfully
Warning: Found pins functioning as undefined clocks and/or memory enables
    Info: Assuming node "CLOCK" is an undefined clock
Info: Clock "CLOCK" Internal fmax is restricted to 304.04 MHz between source register "inst6" and destination register "inst8"
    Info: fmax restricted to clock pin edge rate 3.289 ns. Expand message to see actual delay path.
        Info: + Longest register to register delay is 1.261 ns
            Info: 1: + IC(0.000 ns) + CELL(0.000 ns) = 0.000 ns; Loc. = LC_X14_Y6_N1; Fanout = 4; REG Node = 'inst6'
            Info: 2: + IC(0.598 ns) + CELL(0.663 ns) = 1.261 ns; Loc. = LC_X14_Y6_N2; Fanout = 4; REG Node = 'inst8'
            Info: Total cell delay = 0.663 ns ( 52.58 % )
            Info: Total interconnect delay = 0.598 ns ( 47.42 % )
        Info: - Smallest clock skew is 0.000 ns
            Info: + Shortest clock path from clock "CLOCK" to destination register is 2.472 ns
                Info: 1: + IC(0.000 ns) + CELL(0.727 ns) = 0.727 ns; Loc. = PIN_J6; Fanout = 4; CLK Node = 'CLOCK'
                Info: 2: + IC(1.171 ns) + CELL(0.574 ns) = 2.472 ns; Loc. = LC_X14_Y6_N2; Fanout = 4; REG Node = 'inst8'
                Info: Total cell delay = 1.301 ns ( 52.63 % )
                Info: Total interconnect delay = 1.171 ns ( 47.37 % )
            Info: - Longest clock path from clock "CLOCK" to source register is 2.472 ns
                Info: 1: + IC(0.000 ns) + CELL(0.727 ns) = 0.727 ns; Loc. = PIN_J6; Fanout = 4; CLK Node = 'CLOCK'
                Info: 2: + IC(1.171 ns) + CELL(0.574 ns) = 2.472 ns; Loc. = LC_X14_Y6_N1; Fanout = 4; REG Node = 'inst6'
                Info: Total cell delay = 1.301 ns ( 52.63 % )
                Info: Total interconnect delay = 1.171 ns ( 47.37 % )
        Info: + Micro clock to output delay of source is 0.235 ns
        Info: + Micro setup delay of destination is 0.208 ns
Info: tco from clock "CLOCK" to destination pin "S4" through register "inst8" is 7.334 ns
    Info: + Longest clock path from clock "CLOCK" to source register is 2.472 ns
        Info: 1: + IC(0.000 ns) + CELL(0.727 ns) = 0.727 ns; Loc. = PIN_J6; Fanout = 4; CLK Node = 'CLOCK'
        Info: 2: + IC(1.171 ns) + CELL(0.574 ns) = 2.472 ns; Loc. = LC_X14_Y6_N2; Fanout = 4; REG Node = 'inst8'
        Info: Total cell delay = 1.301 ns ( 52.63 % )
        Info: Total interconnect delay = 1.171 ns ( 47.37 % )
    Info: + Micro clock to output delay of source is 0.235 ns
    Info: + Longest register to pin delay is 4.627 ns
        Info: 1: + IC(0.000 ns) + CELL(0.000 ns) = 0.000 ns; Loc. = LC_X14_Y6_N2; Fanout = 4; REG Node = 'inst8'
        Info: 2: + IC(3.173 ns) + CELL(1.454 ns) = 4.627 ns; Loc. = PIN_C2; Fanout = 0; PIN Node = 'S4'
        Info: Total cell delay = 1.454 ns ( 31.42 % )
        Info: Total interconnect delay = 3.173 ns ( 68.58 % )
Info: Quartus II Classic Timing Analyzer was successful. 0 errors, 1 warning
    Info: Peak virtual memory: 198 megabytes
    Info: Processing ended: Mon Jun 22 22:19:36 2020
    Info: Elapsed time: 00:00:00
    Info: Total CPU time (on all processors): 00:00:00


